{
  message: '>>>> orderService.createOrder(), invalid data = instance additionalProperty "sortType" exists in instance when not allowed,instance additionalProperty "searchString" exists in instance when not allowed,instance additionalProperty "pageNumber" exists in instance when not allowed,instance additionalProperty "pageSize" exists in instance when not allowed,instance requires property "_id"',
  level: 'error',
  timestamp: '2020-02-19T15:41:54.634Z'
}
{
  message: '>>>> orderService.createOrder(), invalid data = instance requires property "_id"',
  level: 'error',
  timestamp: '2020-02-19T15:42:05.785Z'
}
{
  message: '>>>> orderService.createOrder(), invalid data = instance requires property "_id"',
  level: 'error',
  timestamp: '2020-02-19T15:43:06.501Z'
}
{
  message: '>>>> orderService.createOrder(), invalid data = instance requires property "payment_info"',
  level: 'error',
  timestamp: '2020-02-19T16:00:34.792Z'
}
